<?xml version="1.0" encoding="UTF-8"?>
<testng-results skipped="0" failed="0" ignored="0" total="6" passed="6">
  <reporter-output>
  </reporter-output>
  <suite name="Suite" duration-ms="60" started-at="2019-02-20T15:58:50Z" finished-at="2019-02-20T15:58:50Z">
    <groups>
    </groups>
    <test name="Test" duration-ms="60" started-at="2019-02-20T15:58:50Z" finished-at="2019-02-20T15:58:50Z">
      <class name="Testing.T1">
        <test-method status="PASS" signature="m1()[pri:0, instance:Testing.T1@5ae9a829]" name="m1" duration-ms="17" started-at="2019-02-20T15:58:50Z" finished-at="2019-02-20T15:58:50Z">
          <reporter-output>
          </reporter-output>
        </test-method> <!-- m1 -->
        <test-method status="PASS" signature="m2()[pri:0, instance:Testing.T1@5ae9a829]" name="m2" duration-ms="3" started-at="2019-02-20T15:58:50Z" finished-at="2019-02-20T15:58:50Z">
          <reporter-output>
          </reporter-output>
        </test-method> <!-- m2 -->
        <test-method status="PASS" signature="m3()[pri:0, instance:Testing.T1@5ae9a829]" name="m3" duration-ms="0" started-at="2019-02-20T15:58:50Z" finished-at="2019-02-20T15:58:50Z">
          <reporter-output>
          </reporter-output>
        </test-method> <!-- m3 -->
      </class> <!-- Testing.T1 -->
      <class name="Testing2.T2">
        <test-method status="PASS" signature="m4()[pri:0, instance:Testing2.T2@7ac7a4e4]" name="m4" duration-ms="2" started-at="2019-02-20T15:58:50Z" finished-at="2019-02-20T15:58:50Z">
          <reporter-output>
          </reporter-output>
        </test-method> <!-- m4 -->
        <test-method status="PASS" signature="m6()[pri:0, instance:Testing2.T2@7ac7a4e4]" name="m6" duration-ms="7" started-at="2019-02-20T15:58:50Z" finished-at="2019-02-20T15:58:50Z">
          <reporter-output>
          </reporter-output>
        </test-method> <!-- m6 -->
        <test-method status="PASS" signature="m5()[pri:0, instance:Testing2.T2@7ac7a4e4]" name="m5" duration-ms="0" started-at="2019-02-20T15:58:50Z" finished-at="2019-02-20T15:58:50Z">
          <reporter-output>
          </reporter-output>
        </test-method> <!-- m5 -->
      </class> <!-- Testing2.T2 -->
    </test> <!-- Test -->
  </suite> <!-- Suite -->
</testng-results>
