<?xml version="1.0" encoding="UTF-8"?>
<!-- Generated by org.testng.reporters.JUnitXMLReporter -->
<testsuite hostname="DESKTOP-629CAOF" ignored="0" name="Test" tests="6" failures="0" timestamp="20 Feb 2019 15:58:51 GMT" time="0.06" errors="0">
  <testcase name="m1" time="0.017" classname="Testing.T1"/>
  <testcase name="m2" time="0.003" classname="Testing.T1"/>
  <testcase name="m3" time="0.0" classname="Testing.T1"/>
  <testcase name="m4" time="0.002" classname="Testing2.T2"/>
  <testcase name="m5" time="0.0" classname="Testing2.T2"/>
  <testcase name="m6" time="0.007" classname="Testing2.T2"/>
</testsuite> <!-- Test -->
